<?xml version="1.0" encoding="UTF-8"?>
<!-- Generated by org.testng.reporters.JUnitReportReporter -->
<testsuite skipped="0" hostname="DESKTOP-D0CJGQI" name="qaclickacademy.RESTAPITest" tests="2" failures="0" timestamp="13 Mar 2020 12:57:22 GMT" time="0.015" errors="0">
  <testcase name="postJira" time="0.009" classname="qaclickacademy.RESTAPITest"/>
  <testcase name="deleteTwitter" time="0.006" classname="qaclickacademy.RESTAPITest"/>
</testsuite> <!-- qaclickacademy.RESTAPITest -->
