<?xml version="1.0" encoding="UTF-8"?>
<!-- Generated by org.testng.reporters.JUnitReportReporter -->
<testsuite skipped="0" hostname="DESKTOP-D0CJGQI" name="qaclickacademy.AppiumTest" tests="2" failures="0" timestamp="13 Mar 2020 12:56:54 GMT" time="0.027" errors="0">
  <testcase name="IOSApps" time="0.025" classname="qaclickacademy.AppiumTest"/>
  <testcase name="NativeAppAndroid" time="0.002" classname="qaclickacademy.AppiumTest"/>
</testsuite> <!-- qaclickacademy.AppiumTest -->
